<?xml version="1.0" encoding="UTF-8"?>
<testsuite name="Cucumber" time="148.924" tests="19" skipped="0" failures="4" errors="0">
<testcase classname="F01_register| guest user could create new account" name="user create new account using valid user name and email and password" time="20.084">
<failure type="org.openqa.selenium.TimeoutException" message="Expected condition failed: waiting for url to contain &quot;/registerresult&quot;. Current url: &quot;https://demo.nopcommerce.com/register?returnurl=%2F&quot; (tried for 10 second(s) with 500 milliseconds interval)
Build info: version: '4.8.0', revision: '267030adea'
System info: os.name: 'Windows 11', os.arch: 'amd64', os.version: '10.0', java.version: '19.0.2'
Driver info: org.openqa.selenium.edge.EdgeDriver
Capabilities {acceptInsecureCerts: false, browserName: msedge, browserVersion: 109.0.1518.78, ms:edgeOptions: {debuggerAddress: localhost:59324}, msedge: {msedgedriverVersion: 109.0.1518.78 (4e4b32c38163..., userDataDir: C:\Users\we\AppData\Local\T...}, networkConnectionEnabled: false, pageLoadStrategy: normal, platformName: WINDOWS, proxy: Proxy(), se:cdp: ws://localhost:59324/devtoo..., se:cdpVersion: 109.0.1518.78, setWindowRect: true, strictFileInteractability: false, timeouts: {implicit: 0, pageLoad: 300000, script: 30000}, unhandledPromptBehavior: dismiss and notify, webauthn:extension:credBlob: true, webauthn:extension:largeBlob: true, webauthn:virtualAuthenticators: true}
Session ID: 284412766f7f4c562b86b731efee2e6b">
<![CDATA[org.openqa.selenium.TimeoutException: Expected condition failed: waiting for url to contain "/registerresult". Current url: "https://demo.nopcommerce.com/register?returnurl=%2F" (tried for 10 second(s) with 500 milliseconds interval)
Build info: version: '4.8.0', revision: '267030adea'
System info: os.name: 'Windows 11', os.arch: 'amd64', os.version: '10.0', java.version: '19.0.2'
Driver info: org.openqa.selenium.edge.EdgeDriver
Capabilities {acceptInsecureCerts: false, browserName: msedge, browserVersion: 109.0.1518.78, ms:edgeOptions: {debuggerAddress: localhost:59324}, msedge: {msedgedriverVersion: 109.0.1518.78 (4e4b32c38163..., userDataDir: C:\Users\we\AppData\Local\T...}, networkConnectionEnabled: false, pageLoadStrategy: normal, platformName: WINDOWS, proxy: Proxy(), se:cdp: ws://localhost:59324/devtoo..., se:cdpVersion: 109.0.1518.78, setWindowRect: true, strictFileInteractability: false, timeouts: {implicit: 0, pageLoad: 300000, script: 30000}, unhandledPromptBehavior: dismiss and notify, webauthn:extension:credBlob: true, webauthn:extension:largeBlob: true, webauthn:virtualAuthenticators: true}
Session ID: 284412766f7f4c562b86b731efee2e6b
	at org.openqa.selenium.support.ui.WebDriverWait.timeoutException(WebDriverWait.java:87)
	at org.openqa.selenium.support.ui.FluentWait.until(FluentWait.java:231)
	at com.elbaih.stepDefs.D01_ReStepDEf.accountIsCreatedSuccesfuly(D01_ReStepDEf.java:85)
	at ✽.success message is displayed(file:///D:/java%20maven%20projects/E-commerce_App/src/main/resources/features/F01_Register.feature:13)
]]>
</failure>
<system-out><![CDATA[
Given user go to register page..............................................passed
When user selects gender type...............................................passed
And user enters "automation" & "tester".....................................passed
And user selects date of birth..............................................passed
And user enters email.......................................................passed
And users enters passowrd "p@sswOrd" and confirms it........................passed
And user clicks on register button..........................................passed
Then success message is displayed...........................................failed
]]></system-out>
</testcase>
<testcase classname="F02_Login | users could use login functionality to use their accounts" name="user could login with valid email and password" time="5.94">
<system-out><![CDATA[
Given user go to login page.................................................passed
When user login with "valid" "test@example.com" and "p@sswOrd"..............passed
And user press on login button..............................................passed
Then user login to the system successfully..................................passed
]]></system-out>
</testcase>
<testcase classname="F02_Login | users could use login functionality to use their accounts" name="user could login with invalid email and password" time="6.086">
<system-out><![CDATA[
Given user go to login page.................................................passed
When user login with "invalid" "wrong@example.com" and "p@sswOrd"...........passed
And user press on login button..............................................passed
Then user could not login to the system.....................................passed
]]></system-out>
</testcase>
<testcase classname="F03_currencies.feature|user should be able to change currencies" name="user changes currency to euro" time="4.834">
<system-out><![CDATA[
When user Select Euro currency from the dropdown list on the top left of home page.passed
Then currency changes for the product shown in the page.....................passed
]]></system-out>
</testcase>
<testcase classname="F04_Search.feature |search feature functionality" name="user could search using product name - Example #1.1" time="5.279">
<system-out><![CDATA[
When user enters product "name" "book"in the search bar.....................passed
And user clicks search button...............................................passed
Then user is directed to search resault page................................passed
]]></system-out>
</testcase>
<testcase classname="F04_Search.feature |search feature functionality" name="user could search using product name - Example #1.2" time="5.313">
<system-out><![CDATA[
When user enters product "name" "laptop"in the search bar...................passed
And user clicks search button...............................................passed
Then user is directed to search resault page................................passed
]]></system-out>
</testcase>
<testcase classname="F04_Search.feature |search feature functionality" name="user could search using product name - Example #1.3" time="4.914">
<system-out><![CDATA[
When user enters product "name" "nike"in the search bar.....................passed
And user clicks search button...............................................passed
Then user is directed to search resault page................................passed
]]></system-out>
</testcase>
<testcase classname="F04_Search.feature |search feature functionality" name="user could search using product sku - Example #1.1" time="5.939">
<system-out><![CDATA[
When user enters product "serialno" "SCI_FAITH"in the search bar............passed
And user clicks search button...............................................passed
Then user is directed to search resault page................................passed
And user clicks on the earched item.........................................passed
And user is directed to the required item with sku "SCI_FAITH"..............passed
]]></system-out>
</testcase>
<testcase classname="F04_Search.feature |search feature functionality" name="user could search using product sku - Example #1.2" time="6.441">
<system-out><![CDATA[
When user enters product "serialno" "APPLE_CAM"in the search bar............passed
And user clicks search button...............................................passed
Then user is directed to search resault page................................passed
And user clicks on the earched item.........................................passed
And user is directed to the required item with sku "APPLE_CAM"..............passed
]]></system-out>
</testcase>
<testcase classname="F04_Search.feature |search feature functionality" name="user could search using product sku - Example #1.3" time="6.427">
<system-out><![CDATA[
When user enters product "serialno" "SF_PRO_11"in the search bar............passed
And user clicks search button...............................................passed
Then user is directed to search resault page................................passed
And user clicks on the earched item.........................................passed
And user is directed to the required item with sku "SF_PRO_11"..............passed
]]></system-out>
</testcase>
<testcase classname="F05_hoverCategories.feature | user when hovers on categories dynamic lists appear" name="users can hover over categories to show their sub lists and navigate to any list he desires" time="6.091">
<system-out><![CDATA[
When randomly selecting a category..........................................passed
And select random sub category from the main one............................passed
Then the subcategory page is navigated to...................................passed
]]></system-out>
</testcase>
<testcase classname="F06_homeSliders.feature| user should be able to interact with sliders" name="user can interact with the slider with the samsung phone" time="13.977">
<failure type="org.openqa.selenium.TimeoutException" message="Expected condition failed: waiting for value to contain &quot;0000089_banner_02.webp&quot;. (tried for 10 second(s) with 500 milliseconds interval)
Build info: version: '4.8.0', revision: '267030adea'
System info: os.name: 'Windows 11', os.arch: 'amd64', os.version: '10.0', java.version: '19.0.2'
Driver info: org.openqa.selenium.edge.EdgeDriver
Capabilities {acceptInsecureCerts: false, browserName: msedge, browserVersion: 109.0.1518.78, ms:edgeOptions: {debuggerAddress: localhost:59701}, msedge: {msedgedriverVersion: 109.0.1518.78 (4e4b32c38163..., userDataDir: C:\Users\we\AppData\Local\T...}, networkConnectionEnabled: false, pageLoadStrategy: normal, platformName: WINDOWS, proxy: Proxy(), se:cdp: ws://localhost:59701/devtoo..., se:cdpVersion: 109.0.1518.78, setWindowRect: true, strictFileInteractability: false, timeouts: {implicit: 0, pageLoad: 300000, script: 30000}, unhandledPromptBehavior: dismiss and notify, webauthn:extension:credBlob: true, webauthn:extension:largeBlob: true, webauthn:virtualAuthenticators: true}
Session ID: f5ebc91deb969446dee9c8f434f0dad9">
<![CDATA[org.openqa.selenium.TimeoutException: Expected condition failed: waiting for value to contain "0000089_banner_02.webp". (tried for 10 second(s) with 500 milliseconds interval)
Build info: version: '4.8.0', revision: '267030adea'
System info: os.name: 'Windows 11', os.arch: 'amd64', os.version: '10.0', java.version: '19.0.2'
Driver info: org.openqa.selenium.edge.EdgeDriver
Capabilities {acceptInsecureCerts: false, browserName: msedge, browserVersion: 109.0.1518.78, ms:edgeOptions: {debuggerAddress: localhost:59701}, msedge: {msedgedriverVersion: 109.0.1518.78 (4e4b32c38163..., userDataDir: C:\Users\we\AppData\Local\T...}, networkConnectionEnabled: false, pageLoadStrategy: normal, platformName: WINDOWS, proxy: Proxy(), se:cdp: ws://localhost:59701/devtoo..., se:cdpVersion: 109.0.1518.78, setWindowRect: true, strictFileInteractability: false, timeouts: {implicit: 0, pageLoad: 300000, script: 30000}, unhandledPromptBehavior: dismiss and notify, webauthn:extension:credBlob: true, webauthn:extension:largeBlob: true, webauthn:virtualAuthenticators: true}
Session ID: f5ebc91deb969446dee9c8f434f0dad9
	at org.openqa.selenium.support.ui.WebDriverWait.timeoutException(WebDriverWait.java:87)
	at org.openqa.selenium.support.ui.FluentWait.until(FluentWait.java:231)
	at com.elbaih.stepDefs.D06_homeSlidersStepDef.userClicksOnTheSlider(D06_homeSlidersStepDef.java:21)
	at ✽.user clicks on the "0000089_banner_02.webp" "samsung" slider(file:///D:/java%20maven%20projects/E-commerce_App/src/main/resources/features/F06_homeSliders.feature:4)
]]>
</failure>
<system-out><![CDATA[
When user clicks on the "0000089_banner_02.webp" "samsung" slider...........failed
Then user is directed to the phone page "/samsung-s22"......................skipped
]]></system-out>
</testcase>
<testcase classname="F06_homeSliders.feature| user should be able to interact with sliders" name="user can interact with the slider with the iphone phone" time="4.459">
<failure type="java.lang.AssertionError" message="The following asserts failed:
	expected [true] but found [false]">
<![CDATA[java.lang.AssertionError: The following asserts failed:
	expected [true] but found [false]
	at org.testng.asserts.SoftAssert.assertAll(SoftAssert.java:46)
	at org.testng.asserts.SoftAssert.assertAll(SoftAssert.java:30)
	at com.elbaih.stepDefs.D06_homeSlidersStepDef.userdirectedtophonepage(D06_homeSlidersStepDef.java:29)
	at ✽.user is directed to the phone page "/iphone-14"(file:///D:/java%20maven%20projects/E-commerce_App/src/main/resources/features/F06_homeSliders.feature:8)
]]>
</failure>
<system-out><![CDATA[
When user clicks on the "0000088_banner_01.webp" "iphone" slider............passed
Then user is directed to the phone page "/iphone-14"........................failed
]]></system-out>
</testcase>
<testcase classname="user can click the follow us links and redirected to the required social network" name="user opens facebook link" time="6.173">
<system-out><![CDATA[
When user clicks on the "facebook" logo in the end of the page..............passed
Then "https://www.facebook.com/nopCommerce"  is opened in new tab...........passed
]]></system-out>
</testcase>
<testcase classname="user can click the follow us links and redirected to the required social network" name="user opens twitter link" time="6.659">
<system-out><![CDATA[
When user clicks on the "twitter" logo in the end of the page...............passed
Then "https://twitter.com/nopCommerce"  is opened in new tab................passed
]]></system-out>
</testcase>
<testcase classname="user can click the follow us links and redirected to the required social network" name="user opens rss link" time="6.664">
<failure type="org.openqa.selenium.TimeoutException" message="Expected condition failed: waiting for number of open windows to be 2 (tried for 2 second(s) with 500 milliseconds interval)
Build info: version: '4.8.0', revision: '267030adea'
System info: os.name: 'Windows 11', os.arch: 'amd64', os.version: '10.0', java.version: '19.0.2'
Driver info: org.openqa.selenium.edge.EdgeDriver
Capabilities {acceptInsecureCerts: false, browserName: msedge, browserVersion: 109.0.1518.78, ms:edgeOptions: {debuggerAddress: localhost:59865}, msedge: {msedgedriverVersion: 109.0.1518.78 (4e4b32c38163..., userDataDir: C:\Users\we\AppData\Local\T...}, networkConnectionEnabled: false, pageLoadStrategy: normal, platformName: WINDOWS, proxy: Proxy(), se:cdp: ws://localhost:59865/devtoo..., se:cdpVersion: 109.0.1518.78, setWindowRect: true, strictFileInteractability: false, timeouts: {implicit: 0, pageLoad: 300000, script: 30000}, unhandledPromptBehavior: dismiss and notify, webauthn:extension:credBlob: true, webauthn:extension:largeBlob: true, webauthn:virtualAuthenticators: true}
Session ID: b61ac98aceb4a3d80f04b13d35d3f27c">
<![CDATA[org.openqa.selenium.TimeoutException: Expected condition failed: waiting for number of open windows to be 2 (tried for 2 second(s) with 500 milliseconds interval)
Build info: version: '4.8.0', revision: '267030adea'
System info: os.name: 'Windows 11', os.arch: 'amd64', os.version: '10.0', java.version: '19.0.2'
Driver info: org.openqa.selenium.edge.EdgeDriver
Capabilities {acceptInsecureCerts: false, browserName: msedge, browserVersion: 109.0.1518.78, ms:edgeOptions: {debuggerAddress: localhost:59865}, msedge: {msedgedriverVersion: 109.0.1518.78 (4e4b32c38163..., userDataDir: C:\Users\we\AppData\Local\T...}, networkConnectionEnabled: false, pageLoadStrategy: normal, platformName: WINDOWS, proxy: Proxy(), se:cdp: ws://localhost:59865/devtoo..., se:cdpVersion: 109.0.1518.78, setWindowRect: true, strictFileInteractability: false, timeouts: {implicit: 0, pageLoad: 300000, script: 30000}, unhandledPromptBehavior: dismiss and notify, webauthn:extension:credBlob: true, webauthn:extension:largeBlob: true, webauthn:virtualAuthenticators: true}
Session ID: b61ac98aceb4a3d80f04b13d35d3f27c
	at org.openqa.selenium.support.ui.WebDriverWait.timeoutException(WebDriverWait.java:87)
	at org.openqa.selenium.support.ui.FluentWait.until(FluentWait.java:231)
	at com.elbaih.stepDefs.D07_followUsStepDef.isOpenedInNewTab(D07_followUsStepDef.java:35)
	at ✽."https://demo.nopcommerce.com/new-online-store-is-open"  is opened in new tab(file:///D:/java%20maven%20projects/E-commerce_App/src/main/resources/features/F07_followUs.feature:13)
]]>
</failure>
<system-out><![CDATA[
When user clicks on the "rss" logo in the end of the page...................passed
Then "https://demo.nopcommerce.com/new-online-store-is-open"  is opened in new tab.failed
]]></system-out>
</testcase>
<testcase classname="user can click the follow us links and redirected to the required social network" name="user opens  youtube link" time="9.305">
<system-out><![CDATA[
When user clicks on the "youtube" logo in the end of the page...............passed
Then "https://www.youtube.com/user/nopCommerce"  is opened in new tab.......passed
]]></system-out>
</testcase>
<testcase classname="F08_Wishlist.feature | user can add products to wish list and be able to view it" name="user adds the htc one phone to his wish list" time="4.582">
<system-out><![CDATA[
When user clicks on wish list button on the htc phone product...............passed
Then message that confirms addition of the phone appears....................passed
]]></system-out>
</testcase>
<testcase classname="F08_Wishlist.feature | user can add products to wish list and be able to view it" name="user after adding the htc one phone" time="19.398">
<system-out><![CDATA[
When user clicks on wish list button on the htc phone product...............passed
Then message that confirms addition of the phone appears....................passed
When the success message disapear user clicks on the wishlist button on top of the page.passed
Then verify the quantity of the product is bigger than 0....................passed
]]></system-out>
</testcase>
</testsuite>
